<?xml version="1.0" encoding="UTF-8"?>
<!-- Generated by org.testng.reporters.JUnitReportReporter -->
<testsuite hostname="Divyanshus-MacBook-Air.local" failures="0" tests="1" name="test_Cases.TC_Leave_List" time="49.424" errors="0" timestamp="2024-11-15T18:52:17 IST" skipped="0">
  <testcase classname="test_Cases.TC_Leave_List" name="f" time="49.424"/>
  <system-out/>
</testsuite> <!-- test_Cases.TC_Leave_List -->
