<?xml version="1.0" encoding="UTF-8"?>
<!-- Generated by org.testng.reporters.JUnitReportReporter -->
<testsuite hostname="Divyanshus-MacBook-Air.local" failures="0" tests="1" name="test_Cases.Graph_test" time="36.074" errors="0" timestamp="2024-11-26T00:20:06 IST" skipped="0">
  <testcase classname="test_Cases.Graph_test" name="f" time="36.074"/>
  <system-out/>
</testsuite> <!-- test_Cases.Graph_test -->
