<?xml version="1.0" encoding="UTF-8"?>
<!-- Generated by org.testng.reporters.JUnitReportReporter -->
<testsuite hostname="LAPTOP-4C1CTOAL" failures="0" tests="8" name="test_Cases.TestDirectory" time="86.098" errors="0" timestamp="2024-12-26T17:14:40 IST" skipped="4">
  <testcase classname="test_Cases.TestDirectory" name="testSearchEmployeWithValidName" time="17.706"/>
  <system-out/>
  <testcase classname="test_Cases.TestDirectory" name="testSearchEmployeWithValidName" time="15.830"/>
  <system-out/>
  <testcase classname="test_Cases.TestDirectory" name="testContactDetails" time="21.375"/>
  <system-out/>
  <testcase classname="test_Cases.TestDirectory" name="testContactDetails" time="31.187"/>
  <system-out/>
  <testcase classname="test_Cases.TestDirectory" name="testQRCodeVisibility">
    <skipped/>
  </testcase> <!-- testQRCodeVisibility -->
  <system-out/>
  <testcase classname="test_Cases.TestDirectory" name="testQRCodeVisibility">
    <skipped/>
  </testcase> <!-- testQRCodeVisibility -->
  <system-out/>
  <testcase classname="test_Cases.TestDirectory" name="testContactIcons">
    <skipped/>
  </testcase> <!-- testContactIcons -->
  <system-out/>
  <testcase classname="test_Cases.TestDirectory" name="testContactIcons">
    <skipped/>
  </testcase> <!-- testContactIcons -->
  <system-out/>
</testsuite> <!-- test_Cases.TestDirectory -->
