<?xml version="1.0" encoding="UTF-8"?>
<!-- Generated by org.testng.reporters.JUnitReportReporter -->
<testsuite hostname="LAPTOP-4C1CTOAL" failures="0" tests="1" name="test_Cases.TestApplyLeave" time="29.284" errors="0" timestamp="2024-11-10T14:10:23 IST" skipped="0">
  <testcase classname="test_Cases.TestApplyLeave" name="applyLeaveWithMandatoryFields" time="29.284"/>
</testsuite> <!-- test_Cases.TestApplyLeave -->
