<?xml version="1.0" encoding="UTF-8"?>
<!-- Generated by org.testng.reporters.JUnitReportReporter -->
<testsuite hostname="LAPTOP-4C1CTOAL" failures="0" tests="2" name="test_Cases.Profile_Name" time="33.865" errors="0" timestamp="2024-12-26T17:14:40 IST" skipped="0">
  <testcase classname="test_Cases.Profile_Name" name="getProfileName" time="12.077"/>
  <system-out/>
  <testcase classname="test_Cases.Profile_Name" name="getProfileName" time="21.788"/>
  <system-out/>
</testsuite> <!-- test_Cases.Profile_Name -->
