<?xml version="1.0" encoding="UTF-8"?>
<!-- Generated by org.testng.reporters.JUnitReportReporter -->
<testsuite hostname="Divyanshus-MacBook-Air.local" failures="0" tests="1" name="test_Cases.Dummy_Tests" time="72.251" errors="0" timestamp="2024-10-24T23:20:34 IST" skipped="0">
  <testcase classname="test_Cases.Dummy_Tests" name="f" time="72.251"/>
</testsuite> <!-- test_Cases.Dummy_Tests -->
